<?xml version="1.0" encoding="UTF-8"?>
<testng-results skipped="0" failed="0" ignored="0" total="1" passed="1">
  <reporter-output>
    <line>
      <![CDATA[Setting up reports and Test getting started ]]>
    </line>
    <line>
      <![CDATA[Setting done and Test can be started ]]>
    </line>
    <line>
      <![CDATA[Starting Browser and getting application ready]]>
    </line>
    <line>
      <![CDATA[Browser and Application is up and running]]>
    </line>
    <line>
      <![CDATA[Test is about to end]]>
    </line>
    <line>
      <![CDATA[Test completed and Extent Reports generated]]>
    </line>
  </reporter-output>
  <suite name="Suite" duration-ms="11329" started-at="2020-02-25T22:04:37Z" finished-at="2020-02-25T22:04:48Z">
    <groups>
    </groups>
    <test name="Test" duration-ms="11329" started-at="2020-02-25T22:04:37Z" finished-at="2020-02-25T22:04:48Z">
      <class name="com.learnautomation.testcases.LoginTestCRM">
        <test-method status="PASS" signature="setUpSuite()[pri:0, instance:com.learnautomation.testcases.LoginTestCRM@1b604f19]" name="setUpSuite" is-config="true" duration-ms="829" started-at="2020-02-25T17:04:36Z" finished-at="2020-02-25T17:04:37Z">
          <reporter-output>
            <line>
              <![CDATA[Setting up reports and Test getting started ]]>
            </line>
            <line>
              <![CDATA[Setting done and Test can be started ]]>
            </line>
          </reporter-output>
        </test-method> <!-- setUpSuite -->
        <test-method status="PASS" signature="setup()[pri:0, instance:com.learnautomation.testcases.LoginTestCRM@1b604f19]" name="setup" is-config="true" duration-ms="7345" started-at="2020-02-25T17:04:37Z" finished-at="2020-02-25T17:04:44Z">
          <reporter-output>
            <line>
              <![CDATA[Starting Browser and getting application ready]]>
            </line>
            <line>
              <![CDATA[Browser and Application is up and running]]>
            </line>
          </reporter-output>
        </test-method> <!-- setup -->
        <test-method status="PASS" signature="LoginApp()[pri:0, instance:com.learnautomation.testcases.LoginTestCRM@1b604f19]" name="LoginApp" duration-ms="2128" started-at="2020-02-25T17:04:44Z" finished-at="2020-02-25T17:04:46Z">
          <reporter-output>
          </reporter-output>
        </test-method> <!-- LoginApp -->
        <test-method status="PASS" signature="tearDownMethod(org.testng.ITestResult)[pri:0, instance:com.learnautomation.testcases.LoginTestCRM@1b604f19]" name="tearDownMethod" is-config="true" duration-ms="1129" started-at="2020-02-25T17:04:46Z" finished-at="2020-02-25T17:04:48Z">
          <params>
            <param index="0">
              <value>
                <![CDATA[[TestResult name=LoginApp status=SUCCESS method=LoginTestCRM.LoginApp()[pri:0, instance:com.learnautomation.testcases.LoginTestCRM@1b604f19] output={null}]]]>
              </value>
            </param>
          </params>
          <reporter-output>
            <line>
              <![CDATA[Test is about to end]]>
            </line>
            <line>
              <![CDATA[Test completed and Extent Reports generated]]>
            </line>
          </reporter-output>
        </test-method> <!-- tearDownMethod -->
        <test-method status="PASS" signature="tearDown()[pri:0, instance:com.learnautomation.testcases.LoginTestCRM@1b604f19]" name="tearDown" is-config="true" duration-ms="700" started-at="2020-02-25T17:04:48Z" finished-at="2020-02-25T17:04:48Z">
          <reporter-output>
          </reporter-output>
        </test-method> <!-- tearDown -->
      </class> <!-- com.learnautomation.testcases.LoginTestCRM -->
    </test> <!-- Test -->
  </suite> <!-- Suite -->
</testng-results>
